    1  wget www.github.com
    2  git status
    3  pwd
    4  ls
    5  cd..
    6  cd ..
    7  pwd
    8  ls
    9  git status
   10  pwd
   11  cd 
   12  pwd
   13  ls
   14  cd ..
   15  pwd
   16  cd ..
   17  pwd
   18  ls
   19  pwd
   20  cd FA23_CS131_Ashish/
   21  pwd
   22  ls
   23  cd josephf23/
   24  pwd
   25  ls
   26  passwd
   27  pwd
   28  passwd
   29  pwd
   30  ls
   31  cd Documents
   32  mkdir myproject
   33  cd myproject/
   34  pwd
   35  git init
   36  touch newfile.txt
   37  touch mnelson.txt
   38  ls
   39  pwd
   40  mkdir sampleProject
   41  ls -ltr
   42  cd sampleProject/
   43  touch sampleFile.txt
   44  pwd
   45  ls
   46  git init
   47  git add .
   48  git status
   49  git config --global user.email hawkinsjoseph2003@gmail.com
   50  git config --global user.name Joseph
   51  pwd
   52  git remote add origin https://github.com/JosephSizz/cs131.git
   53  pwd
   54  git status
   55  ls
   56  git commit -m "first commit"
   57  pwd
   58  cd sampleProject/
   59  git status
   60  git commit -m "first message"
   61  git push 
   62  git push --set-upstream origin master
   63  git clone https://github.com/JosephSizz/cs131.git
   64  pwd
   65  cd ..
   66  ls
   67  cd sampleProject/
   68  ls
   69  cd ..
   70  git clone https://github.com/JosephSizz/cs131.git
   71  pwd
   72  ls
   73  cd cs131/
   74  LS
   75  ls
   76  git add Worksheet1/
   77  git status
   78  git add .
   79  git status
   80  cp cmds.log history.log
   81  pwd
   82  ls
   83  mv history.log Worksheet1/
   84  pwd
   85  ls
   86  ls Worksheet1/
   87  cd Worksheet1/
   88  git add history.log 
   89  git status
   90  git commit -m "this should be the commit that sends history.log from ibm"
   91  git push
   92  git status
   93  git push
   94  git add
   95  git status
   96  git push
   97  git status
   98  pwd
   99  ls
  100  cd worksheet2/
  101  ls
  102  git init
  103  git status
  104  pwd
  105  ls
  106  wget https://raw.githubusercontent.com/khanchandaniashish/CS131/main/Global%20YouTube%20Statistics.csv
  107  ls
  108  pwd
  109  ls
  110  vi Global\ YouTube\ Statistics.csv 
  111  grep United States Global\ YouTube\ Statistics.csv 
  112  grep music Global\ YouTube\ Statistics.csv 
  113  grep "music" Global\ YouTube\ Statistics.csv 
  114  grep "Music" "Global YouTube Statistics.csv" | wc -l
  115  grep "Music" Global\ YouTube\ Statistics.csv 
  116  grep "Music" "Global YouTube Statistics.csv" | wc -w
  117  grep "Music" "Global YouTube Statistics.csv" | wc -l > counts.txt
  118  grep "Music" "Global YouTube Statistics.csv" | wc -w >> counts.txt
  119  pwd
  120  ls
  121  vi counts.txt 
  122  cat counts.txt 
  123  vi counts.txt 
  124  cat counts.txt 
  125  history > cmds.log
